#
# There is insufficient memory for the Java Runtime Environment to continue.
# Native memory allocation (mmap) failed to map 100663296 bytes for Failed to commit area from 0x00000000a1c00000 to 0x00000000a7c00000 of length 100663296.
# Possible reasons:
#   The system is out of physical RAM or swap space
#   The process is running with CompressedOops enabled, and the Java Heap may be blocking the growth of the native heap
# Possible solutions:
#   Reduce memory load on the system
#   Increase physical memory or swap space
#   Check if swap backing store is full
#   Decrease Java heap size (-Xmx/-Xms)
#   Decrease number of Java threads
#   Decrease Java thread stack sizes (-Xss)
#   Set larger code cache with -XX:ReservedCodeCacheSize=
# This output file may be truncated or incomplete.
#
#  Out of Memory Error (src/hotspot/os/windows/os_windows.cpp:3624), pid=13820, tid=13388
#
# JRE version:  (11.0.14.1+1) (build )
# Java VM: OpenJDK 64-Bit Server VM (11.0.14.1+1-b2043.25, mixed mode, sharing, tiered, compressed oops, g1 gc, windows-amd64)
# No core dump will be written. Minidumps are not enabled by default on client versions of Windows
#

---------------  S U M M A R Y ------------

Command Line: git4idea.http.GitAskPassApp Username for 'https://github.com': 

Host: Intel(R) Core(TM) i3-3217U CPU @ 1.80GHz, 4 cores, 5G,  Windows 10 , 64 bit Build 19041 (10.0.19041.1889)
Time: Sat Nov  5 17:03:19 2022 Sri Lanka Standard Time elapsed time: 0.093115 seconds (0d 0h 0m 0s)

---------------  T H R E A D  ---------------

Current thread (0x0000023b8e2b2800):  JavaThread "Unknown thread" [_thread_in_vm, id=13388, stack(0x000000e13f500000,0x000000e13f600000)]

Stack: [0x000000e13f500000,0x000000e13f600000]
Native frames: (J=compiled Java code, j=interpreted, Vv=VM code, C=native code)
V  [jvm.dll+0x61618a]
V  [jvm.dll+0x79c450]
V  [jvm.dll+0x79da6d]
V  [jvm.dll+0x79e143]
V  [jvm.dll+0x24c968]
V  [jvm.dll+0x6131f4]
V  [jvm.dll+0x607ef5]
V  [jvm.dll+0x30b35b]
V  [jvm.dll+0x30b2ca]
V  [jvm.dll+0x30b1a2]
V  [jvm.dll+0x3100f6]
V  [jvm.dll+0x35b7e3]
V  [jvm.dll+0x35bee6]
V  [jvm.dll+0x35b8e3]
V  [jvm.dll+0x2e5b68]
V  [jvm.dll+0x2e6d17]
V  [jvm.dll+0x779087]
V  [jvm.dll+0x77a87c]
V  [jvm.dll+0x368d99]
V  [jvm.dll+0x75c9de]
V  [jvm.dll+0x3d6d53]
V  [jvm.dll+0x3d92f1]
C  [jli.dll+0x536b]
C  [ucrtbase.dll+0x21bb2]
C  [KERNEL32.DLL+0x17034]
C  [ntdll.dll+0x526a1]


---------------  P R O C E S S  ---------------

Threads class SMR info:
_java_thread_list=0x0000023b8e051480, length=0, elements={
}

Java Threads: ( => current thread )

Other Threads:
  0x0000023b8e2cc800 GCTaskThread "GC Thread#0" [stack: 0x000000e13f600000,0x000000e13f700000] [id=12412]
  0x0000023b8e2f3000 ConcurrentGCThread "G1 Main Marker" [stack: 0x000000e13f700000,0x000000e13f800000] [id=14908]
  0x0000023b8e2f5800 ConcurrentGCThread "G1 Conc#0" [stack: 0x000000e13f800000,0x000000e13f900000] [id=10128]

[error occurred during error reporting (printing all threads), id 0xc0000005, EXCEPTION_ACCESS_VIOLATION (0xc0000005) at pc=0x00007ffee4986177]

VM state:not at safepoint (not fully initialized)

VM Mutex/Monitor currently owned by a thread:  ([mutex/lock_event])
[0x0000023b8e2aff80] Heap_lock - owner thread: 0x0000023b8e2b2800

Heap address: 0x00000000a1c00000, size: 1508 MB, Compressed Oops mode: Non-zero based: 0x00000000a1c00000
Narrow klass base: 0x0000000000000000, Narrow klass shift: 0

GC Heap History (0 events):
No events

Deoptimization events (0 events):
No events

Classes redefined (0 events):
No events

Internal exceptions (0 events):
No events

Events (1 events):
Event: 0.025 Loaded shared library F:\seekers cloud\IntelliJ IDEA 2022.1\intellij\IntelliJ IDEA 2022.1\jbr\bin\zip.dll


Dynamic libraries:
0x00007ff6ef9e0000 - 0x00007ff6ef9ea000 	F:\seekers cloud\IntelliJ IDEA 2022.1\intellij\IntelliJ IDEA 2022.1\jbr\bin\java.exe
0x00007fff67df0000 - 0x00007fff67fe8000 	C:\WINDOWS\SYSTEM32\ntdll.dll
0x00007fff237b0000 - 0x00007fff237c7000 	C:\Program Files\Avast Software\Avast\aswhook.dll
0x00007fff662f0000 - 0x00007fff663ad000 	C:\WINDOWS\System32\KERNEL32.DLL
0x00007fff65910000 - 0x00007fff65be2000 	C:\WINDOWS\System32\KERNELBASE.dll
0x00007fff65d50000 - 0x00007fff65e50000 	C:\WINDOWS\System32\ucrtbase.dll
0x00007fff59870000 - 0x00007fff59889000 	F:\seekers cloud\IntelliJ IDEA 2022.1\intellij\IntelliJ IDEA 2022.1\jbr\bin\jli.dll
0x00007fff65f30000 - 0x00007fff660cd000 	C:\WINDOWS\System32\USER32.dll
0x00007fff65870000 - 0x00007fff65892000 	C:\WINDOWS\System32\win32u.dll
0x00007fff668d0000 - 0x00007fff668fb000 	C:\WINDOWS\System32\GDI32.dll
0x00007fff65710000 - 0x00007fff6581f000 	C:\WINDOWS\System32\gdi32full.dll
0x00007fff65530000 - 0x00007fff655cd000 	C:\WINDOWS\System32\msvcp_win.dll
0x00007fff593b0000 - 0x00007fff593c6000 	F:\seekers cloud\IntelliJ IDEA 2022.1\intellij\IntelliJ IDEA 2022.1\jbr\bin\VCRUNTIME140.dll
0x00007fff56bf0000 - 0x00007fff56e8a000 	C:\WINDOWS\WinSxS\amd64_microsoft.windows.common-controls_6595b64144ccf1df_6.0.19041.1110_none_60b5254171f9507e\COMCTL32.dll
0x00007fff67c90000 - 0x00007fff67d2e000 	C:\WINDOWS\System32\msvcrt.dll
0x00007fff662c0000 - 0x00007fff662f0000 	C:\WINDOWS\System32\IMM32.DLL
0x00007fff2a920000 - 0x00007fff2a9ca000 	F:\seekers cloud\IntelliJ IDEA 2022.1\intellij\IntelliJ IDEA 2022.1\jbr\bin\msvcp140.dll
0x00007ffee4690000 - 0x00007ffee520a000 	F:\seekers cloud\IntelliJ IDEA 2022.1\intellij\IntelliJ IDEA 2022.1\jbr\bin\server\jvm.dll
0x00007fff66af0000 - 0x00007fff66b9e000 	C:\WINDOWS\System32\ADVAPI32.dll
0x00007fff664e0000 - 0x00007fff6657c000 	C:\WINDOWS\System32\sechost.dll
0x00007fff66580000 - 0x00007fff666a5000 	C:\WINDOWS\System32\RPCRT4.dll
0x00007fff65e50000 - 0x00007fff65e58000 	C:\WINDOWS\System32\PSAPI.DLL
0x00007fff568f0000 - 0x00007fff568f9000 	C:\WINDOWS\SYSTEM32\WSOCK32.dll
0x00007fff661f0000 - 0x00007fff6625b000 	C:\WINDOWS\System32\WS2_32.dll
0x00007fff55920000 - 0x00007fff55947000 	C:\WINDOWS\SYSTEM32\WINMM.dll
0x00007fff5b5f0000 - 0x00007fff5b5fa000 	C:\WINDOWS\SYSTEM32\VERSION.dll
0x00007fff632e0000 - 0x00007fff632f2000 	C:\WINDOWS\SYSTEM32\kernel.appcore.dll
0x00007fff5ab00000 - 0x00007fff5ab11000 	F:\seekers cloud\IntelliJ IDEA 2022.1\intellij\IntelliJ IDEA 2022.1\jbr\bin\verify.dll
0x00007fff5b150000 - 0x00007fff5b334000 	C:\WINDOWS\SYSTEM32\DBGHELP.DLL
0x00007fff5b120000 - 0x00007fff5b14c000 	C:\WINDOWS\SYSTEM32\dbgcore.DLL
0x00007fff65680000 - 0x00007fff65702000 	C:\WINDOWS\System32\bcryptPrimitives.dll
0x00007fff4fb40000 - 0x00007fff4fb69000 	F:\seekers cloud\IntelliJ IDEA 2022.1\intellij\IntelliJ IDEA 2022.1\jbr\bin\java.dll
0x00007fff5aba0000 - 0x00007fff5abab000 	F:\seekers cloud\IntelliJ IDEA 2022.1\intellij\IntelliJ IDEA 2022.1\jbr\bin\jimage.dll
0x00007fff562c0000 - 0x00007fff562d9000 	F:\seekers cloud\IntelliJ IDEA 2022.1\intellij\IntelliJ IDEA 2022.1\jbr\bin\zip.dll

dbghelp: loaded successfully - version: 4.0.5 - missing functions: none
symbol engine: initialized successfully - sym options: 0x614 - pdb path: .;F:\seekers cloud\IntelliJ IDEA 2022.1\intellij\IntelliJ IDEA 2022.1\jbr\bin;C:\WINDOWS\SYSTEM32;C:\Program Files\Avast Software\Avast;C:\WINDOWS\WinSxS\amd64_microsoft.windows.common-controls_6595b64144ccf1df_6.0.19041.1110_none_60b5254171f9507e;F:\seekers cloud\IntelliJ IDEA 2022.1\intellij\IntelliJ IDEA 2022.1\jbr\bin\server

VM Arguments:
java_command: git4idea.http.GitAskPassApp Username for 'https://github.com': 
java_class_path (initial): F:/seekers cloud/IntelliJ IDEA 2022.1/intellij/IntelliJ IDEA 2022.1/plugins/git4idea/lib/git4idea-rt.jar;F:/seekers cloud/IntelliJ IDEA 2022.1/intellij/IntelliJ IDEA 2022.1/lib/externalProcess-rt.jar;F:/seekers cloud/IntelliJ IDEA 2022.1/intellij/IntelliJ IDEA 2022.1/lib/app.jar;F:/seekers cloud/IntelliJ IDEA 2022.1/intellij/IntelliJ IDEA 2022.1/lib/3rd-party-rt.jar
Launcher Type: SUN_STANDARD

[Global flags]
     intx CICompilerCount                          = 3                                         {product} {ergonomic}
     uint ConcGCThreads                            = 1                                         {product} {ergonomic}
     uint G1ConcRefinementThreads                  = 4                                         {product} {ergonomic}
   size_t G1HeapRegionSize                         = 1048576                                   {product} {ergonomic}
    uintx GCDrainStackTargetSize                   = 64                                        {product} {ergonomic}
   size_t InitialHeapSize                          = 100663296                                 {product} {ergonomic}
   size_t MarkStackSize                            = 4194304                                   {product} {ergonomic}
   size_t MaxHeapSize                              = 1581252608                                {product} {ergonomic}
   size_t MinHeapDeltaBytes                        = 1048576                                   {product} {ergonomic}
    uintx NonNMethodCodeHeapSize                   = 5830732                                {pd product} {ergonomic}
    uintx NonProfiledCodeHeapSize                  = 122913754                              {pd product} {ergonomic}
    uintx ProfiledCodeHeapSize                     = 122913754                              {pd product} {ergonomic}
    uintx ReservedCodeCacheSize                    = 251658240                              {pd product} {ergonomic}
     bool SegmentedCodeCache                       = true                                      {product} {ergonomic}
     bool UseCompressedClassPointers               = true                                 {lp64_product} {ergonomic}
     bool UseCompressedOops                        = true                                 {lp64_product} {ergonomic}
     bool UseG1GC                                  = true                                      {product} {ergonomic}
     bool UseLargePagesIndividualAllocation        = false                                  {pd product} {ergonomic}

Logging:
Log output configuration:
 #0: stdout all=warning uptime,level,tags
 #1: stderr all=off uptime,level,tags

Environment Variables:
PATH=F:/Git/mingw64/libexec/git-core;F:/Git/mingw64/libexec/git-core;F:\Git\mingw64\bin;F:\Git\usr\bin;C:\Users\Dell\bin;C:\Program Files\Microsoft MPI\Bin\;C:\Program Files (x86)\VMware\VMware Player\bin\;C:\Program Files (x86)\Common Files\Oracle\Java\javapath;C:\WINDOWS\system32;C:\WINDOWS;C:\WINDOWS\System32\Wbem;C:\WINDOWS\System32\WindowsPowerShell\v1.0\;C:\WINDOWS\System32\OpenSSH\;C:\Program Files (x86)\Microsoft SQL Server\150\Tools\Binn\;C:\Program Files\Microsoft SQL Server\150\Tools\Binn\;C:\Program Files (x86)\Microsoft SQL Server\150\DTS\Binn\;C:\Program Files\Microsoft SQL Server\150\DTS\Binn\;C:\Program Files\Microsoft SQL Server\Client SDK\ODBC\170\Tools\Binn\;C:\Program Files\Azure Data Studio\bin;C:\Program Files\dotnet\;C:\Program Files\Microsoft SQL Server\130\Tools\Binn\;C:\xampp\php;F:\xampp\php;C:\ProgramData\ComposerSetup\bin;F:\xampp\;F:\Git\cmd;C:\Program Files\Java\jdk1.8.0_231\bin;C:\Users\Dell\AppData\Local\Microsoft\WindowsApps;C:\Users\Dell\AppData\Local\Programs\Microsoft VS Code\bin;C:\Program Files\Azure Data Studio\bin;C:\Users\Dell\.dotnet\tools;C:\Users\Dell\AppData\Roaming\Composer\vendor\bin;C:\Users\Dell\AppData\Roaming\npm;C:\Users\Dell\AppData\Local\GitHubDesktop\bin
USERNAME=Dell
DISPLAY=:0.0
LC_ALL=en_US.UTF-8
OS=Windows_NT
PROCESSOR_IDENTIFIER=Intel64 Family 6 Model 58 Stepping 9, GenuineIntel



---------------  S Y S T E M  ---------------

OS: Windows 10 , 64 bit Build 19041 (10.0.19041.1889)
OS uptime: 0 days 8:06 hours

CPU:total 4 (initial active 4) (2 cores per cpu, 2 threads per core) family 6 model 58 stepping 9 microcode 0x21, cmov, cx8, fxsr, mmx, sse, sse2, sse3, ssse3, sse4.1, sse4.2, popcnt, avx, clmul, erms, ht, tsc, tscinvbit, tscinv

Memory: 4k page, system-wide physical 6031M (935M free)
TotalPageFile size 8763M (AvailPageFile size 53M)
current process WorkingSet (physical memory assigned to process): 10M, peak: 10M
current process commit charge ("private bytes"): 51M, peak: 147M

vm_info: OpenJDK 64-Bit Server VM (11.0.14.1+1-b2043.25) for windows-amd64 JRE (11.0.14.1+1-b2043.25), built on Mar 30 2022 06:22:56 by "" with MS VC++ 14.0 (VS2015)

END.
